<?xml version="1.0" encoding="UTF-8"?>
<!-- Generated by org.testng.reporters.JUnitReportReporter -->
<testsuite skipped="0" hostname="DESKTOP-0GIKARJ" name="tests.ShoppingCartTests" tests="1" failures="0" timestamp="2020-05-29T14:14:48 CEST" time="17.167" errors="0">
  <testcase name="asNotLoggedInUserIShallNotProceedToCheckout" time="17.167" classname="tests.ShoppingCartTests"/>
</testsuite> <!-- tests.ShoppingCartTests -->
