<?xml version="1.0" encoding="UTF-8"?>
<!-- Generated by org.testng.reporters.JUnitReportReporter -->
<testsuite skipped="0" hostname="DESKTOP-0GIKARJ" name="tests.ShoppingCartTests" tests="1" failures="0" timestamp="2020-05-25T14:26:47 CEST" time="8.015" errors="0">
  <testcase name="asNotLoggedInUserIShallNotProceedToCheckout" time="8.015" classname="tests.ShoppingCartTests"/>
</testsuite> <!-- tests.ShoppingCartTests -->
