<?xml version="1.0" encoding="UTF-8"?>
<!-- Generated by org.testng.reporters.JUnitReportReporter -->
<testsuite skipped="0" hostname="DESKTOP-0GIKARJ" name="tests.PositiveLoginTests" tests="1" failures="0" timestamp="2020-06-03T13:57:36 CEST" time="24.981" errors="0">
  <testcase name="andUserTryToLoginWithValidUsernameAndPassword" time="24.981" classname="tests.PositiveLoginTests"/>
</testsuite> <!-- tests.PositiveLoginTests -->
