<?xml version="1.0" encoding="UTF-8"?>
<!-- Generated by org.testng.reporters.JUnitReportReporter -->
<testsuite skipped="0" hostname="DESKTOP-0GIKARJ" name="tests.FailedLoginTests" tests="1" failures="0" timestamp="2020-05-29T14:14:48 CEST" time="16.887" errors="0">
  <testcase name="anUserTryToLoginWithIncorrectUsernameAndPassword" time="16.887" classname="tests.FailedLoginTests"/>
</testsuite> <!-- tests.FailedLoginTests -->
