<?xml version="1.0" encoding="UTF-8"?>
<!-- Generated by org.testng.reporters.JUnitReportReporter -->
<testsuite skipped="0" hostname="DESKTOP-0GIKARJ" name="tests.PositiveLoginTests" tests="1" failures="0" timestamp="2020-06-01T15:08:36 CEST" time="19.263" errors="0">
  <testcase name="andUserTryToLoginWithValidUsernameAndPassword" time="19.263" classname="tests.PositiveLoginTests"/>
</testsuite> <!-- tests.PositiveLoginTests -->
