<?xml version="1.0" encoding="UTF-8"?>
<!-- Generated by org.testng.reporters.JUnitReportReporter -->
<testsuite skipped="0" hostname="DESKTOP-0GIKARJ" name="tests.FailedLoginTests" tests="1" failures="0" timestamp="2020-05-21T15:10:08 CEST" time="9.093" errors="0">
  <testcase name="anUserTryToLoginWithIncorrectUsernameAndPassword" time="9.093" classname="tests.FailedLoginTests"/>
</testsuite> <!-- tests.FailedLoginTests -->
