<?xml version="1.0" encoding="UTF-8"?>
<!-- Generated by org.testng.reporters.JUnitReportReporter -->
<testsuite skipped="0" hostname="DESKTOP-0GIKARJ" name="tests.ShoppingCartTests" tests="1" failures="0" timestamp="2020-06-01T15:31:17 CEST" time="21.990" errors="0">
  <testcase name="asNotLoggedInUserIShallNotProceedToCheckout" time="21.990" classname="tests.ShoppingCartTests"/>
</testsuite> <!-- tests.ShoppingCartTests -->
