<?xml version="1.0" encoding="UTF-8"?>
<!-- Generated by org.testng.reporters.JUnitReportReporter -->
<testsuite skipped="0" hostname="DESKTOP-0GIKARJ" name="tests.PositiveLoginTest" tests="1" failures="0" timestamp="2020-05-21T15:10:08 CEST" time="7.200" errors="0">
  <testcase name="andUserTryToLoginWithValidUsernameAndPassword" time="7.200" classname="tests.PositiveLoginTest"/>
</testsuite> <!-- tests.PositiveLoginTest -->
